Build started 12/7/2014 8:15:19 PM.
     1>Project "C:\Users\Ryan Summers\Documents\Repositories\Cpts_122_Game\Molinator_Class\Win32Project2\Win32Project2.vcxproj" on node 2 (Build target(s)).
     1>C:\Program Files (x86)\MSBuild\Microsoft.Cpp\v4.0\V110\Microsoft.CppBuild.targets(346,5): warning MSB8004: Output Directory does not end with a trailing slash.  This build instance will add the slash as it is required to allow proper evaluation of the Output Directory.
     1>ClCompile:
         C:\Program Files (x86)\Microsoft Visual Studio 11.0\VC\bin\CL.exe /c /ZI /nologo /W3 /WX- /sdl /Od /Oy- /D WIN32 /D _DEBUG /D _WINDOWS /D _UNICODE /D UNICODE /Gm /EHsc /RTC1 /MDd /GS /fp:precise /Zc:wchar_t /Zc:forScope /Fo"Debug\\" /Fd"Debug\vc110.pdb" /FR"Debug\\" /Gd /TP /analyze- /errorReport:prompt Camera.cpp Character.cpp Game.cpp Object.cpp Vector_Resources.cpp Windows_Main.cpp
         Camera.cpp
         Generating Code...
         Compiling...
         Windows_Main.cpp
     1>c:\users\ryan summers\documents\repositories\cpts_122_game\molinator_class\win32project2\windows_main.cpp(75): warning C4305: 'argument' : truncation from 'double' to 'float'
     1>c:\users\ryan summers\documents\repositories\cpts_122_game\molinator_class\win32project2\windows_main.cpp(78): warning C4305: 'argument' : truncation from 'double' to 'float'
         Vector_Resources.cpp
     1>c:\users\ryan summers\documents\repositories\cpts_122_game\molinator_class\win32project2\vector_resources.cpp(5): warning C4018: '<' : signed/unsigned mismatch
     1>c:\users\ryan summers\documents\repositories\cpts_122_game\molinator_class\win32project2\vector_resources.cpp(12): warning C4018: '<' : signed/unsigned mismatch
     1>c:\users\ryan summers\documents\repositories\cpts_122_game\molinator_class\win32project2\vector_resources.cpp(28): warning C4018: '<' : signed/unsigned mismatch
     1>c:\users\ryan summers\documents\repositories\cpts_122_game\molinator_class\win32project2\vector_resources.cpp(39): warning C4018: '<' : signed/unsigned mismatch
     1>c:\users\ryan summers\documents\repositories\cpts_122_game\molinator_class\win32project2\vector_resources.cpp(236): warning C4018: '<' : signed/unsigned mismatch
     1>c:\users\ryan summers\documents\repositories\cpts_122_game\molinator_class\win32project2\vector_resources.cpp(246): warning C4018: '<' : signed/unsigned mismatch
     1>c:\users\ryan summers\documents\repositories\cpts_122_game\molinator_class\win32project2\vector_resources.cpp(387): warning C4018: '<' : signed/unsigned mismatch
     1>c:\users\ryan summers\documents\repositories\cpts_122_game\molinator_class\win32project2\vector_resources.cpp(405): warning C4018: '<' : signed/unsigned mismatch
         Object.cpp
     1>c:\users\ryan summers\documents\repositories\cpts_122_game\molinator_class\win32project2\object.cpp(53): warning C4018: '<' : signed/unsigned mismatch
     1>c:\users\ryan summers\documents\repositories\cpts_122_game\molinator_class\win32project2\object.cpp(166): warning C4244: '=' : conversion from 'fbxsdk_2015_1::FbxDouble' to 'float', possible loss of data
     1>c:\users\ryan summers\documents\repositories\cpts_122_game\molinator_class\win32project2\object.cpp(167): warning C4244: '=' : conversion from 'fbxsdk_2015_1::FbxDouble' to 'float', possible loss of data
     1>c:\users\ryan summers\documents\repositories\cpts_122_game\molinator_class\win32project2\object.cpp(168): warning C4244: '=' : conversion from 'fbxsdk_2015_1::FbxDouble' to 'float', possible loss of data
     1>c:\users\ryan summers\documents\repositories\cpts_122_game\molinator_class\win32project2\object.cpp(171): warning C4244: '=' : conversion from 'fbxsdk_2015_1::FbxDouble' to 'float', possible loss of data
     1>c:\users\ryan summers\documents\repositories\cpts_122_game\molinator_class\win32project2\object.cpp(172): warning C4244: '=' : conversion from 'fbxsdk_2015_1::FbxDouble' to 'float', possible loss of data
     1>c:\users\ryan summers\documents\repositories\cpts_122_game\molinator_class\win32project2\object.cpp(173): warning C4244: '=' : conversion from 'fbxsdk_2015_1::FbxDouble' to 'float', possible loss of data
     1>c:\users\ryan summers\documents\repositories\cpts_122_game\molinator_class\win32project2\object.cpp(176): warning C4244: '=' : conversion from 'fbxsdk_2015_1::FbxDouble' to 'float', possible loss of data
     1>c:\users\ryan summers\documents\repositories\cpts_122_game\molinator_class\win32project2\object.cpp(177): warning C4244: '=' : conversion from 'fbxsdk_2015_1::FbxDouble' to 'float', possible loss of data
     1>c:\users\ryan summers\documents\repositories\cpts_122_game\molinator_class\win32project2\object.cpp(178): warning C4244: '=' : conversion from 'fbxsdk_2015_1::FbxDouble' to 'float', possible loss of data
     1>c:\users\ryan summers\documents\repositories\cpts_122_game\molinator_class\win32project2\object.cpp(220): warning C4018: '<' : signed/unsigned mismatch
         Game.cpp
     1>c:\users\ryan summers\documents\repositories\cpts_122_game\molinator_class\win32project2\game.cpp(116): warning C4018: '<' : signed/unsigned mismatch
     1>c:\users\ryan summers\documents\repositories\cpts_122_game\molinator_class\win32project2\game.cpp(123): warning C4018: '<' : signed/unsigned mismatch
         Character.cpp
     1>c:\users\ryan summers\documents\repositories\cpts_122_game\molinator_class\win32project2\character.cpp(49): warning C4018: '<' : signed/unsigned mismatch
     1>c:\users\ryan summers\documents\repositories\cpts_122_game\molinator_class\win32project2\character.cpp(111): warning C4305: '=' : truncation from 'double' to 'float'
     1>c:\users\ryan summers\documents\repositories\cpts_122_game\molinator_class\win32project2\character.cpp(125): warning C4305: '*=' : truncation from 'double' to 'float'
     1>c:\users\ryan summers\documents\repositories\cpts_122_game\molinator_class\win32project2\character.cpp(131): warning C4244: '=' : conversion from 'double' to 'float', possible loss of data
     1>c:\users\ryan summers\documents\repositories\cpts_122_game\molinator_class\win32project2\character.cpp(137): warning C4305: '*=' : truncation from 'double' to 'float'
     1>c:\users\ryan summers\documents\repositories\cpts_122_game\molinator_class\win32project2\character.cpp(143): warning C4244: '+=' : conversion from 'double' to 'float', possible loss of data
     1>c:\users\ryan summers\documents\repositories\cpts_122_game\molinator_class\win32project2\character.cpp(149): warning C4244: '+=' : conversion from 'double' to 'float', possible loss of data
     1>c:\users\ryan summers\documents\repositories\cpts_122_game\molinator_class\win32project2\character.cpp(155): warning C4244: '+=' : conversion from 'double' to 'float', possible loss of data
     1>c:\users\ryan summers\documents\repositories\cpts_122_game\molinator_class\win32project2\character.cpp(335): warning C4305: '-=' : truncation from 'double' to 'float'
     1>c:\users\ryan summers\documents\repositories\cpts_122_game\molinator_class\win32project2\character.cpp(355): warning C4244: '=' : conversion from 'double' to 'float', possible loss of data
     1>c:\users\ryan summers\documents\repositories\cpts_122_game\molinator_class\win32project2\character.cpp(375): warning C4244: '=' : conversion from 'double' to 'float', possible loss of data
     1>c:\users\ryan summers\documents\repositories\cpts_122_game\molinator_class\win32project2\character.cpp(396): warning C4244: '=' : conversion from 'double' to 'float', possible loss of data
     1>c:\users\ryan summers\documents\repositories\cpts_122_game\molinator_class\win32project2\character.cpp(492): warning C4018: '<' : signed/unsigned mismatch
     1>c:\users\ryan summers\documents\repositories\cpts_122_game\molinator_class\win32project2\character.cpp(501): warning C4018: '<' : signed/unsigned mismatch
         Generating Code...
       Link:
         C:\Program Files (x86)\Microsoft Visual Studio 11.0\VC\bin\link.exe /ERRORREPORT:PROMPT /OUT:"C:\Users\Ryan Summers\Documents\Repositories\Cpts_122_Game\Molinator_Class\\Debug\Molinator.exe" /INCREMENTAL /NOLOGO /LIBPATH:"C:\Program Files\Autodesk\FBX\FBX SDK\2015.1\lib\vs2012\x86\debug" /LIBPATH:"C:\Program Files (x86)\Microsoft DirectX SDK (June 2010)\Lib\x86" libfbxsdk.lib d3dx9d.lib kernel32.lib user32.lib gdi32.lib winspool.lib comdlg32.lib advapi32.lib shell32.lib ole32.lib oleaut32.lib uuid.lib odbc32.lib odbccp32.lib /MANIFEST /MANIFESTUAC:"level='asInvoker' uiAccess='false'" /manifest:embed /DEBUG /PDB:"C:\Users\Ryan Summers\Documents\Repositories\Cpts_122_Game\Molinator_Class\\Debug\Molinator.pdb" /SUBSYSTEM:WINDOWS /TLBID:1 /DYNAMICBASE /NXCOMPAT /IMPLIB:"C:\Users\Ryan Summers\Documents\Repositories\Cpts_122_Game\Molinator_Class\\Debug\Molinator.lib" /MACHINE:X86 Debug\Camera.obj
         Debug\Character.obj
         Debug\Game.obj
         Debug\Object.obj
         Debug\Windows_Main.obj
         Debug\Vector_Resources.obj
         Win32Project2.vcxproj -> C:\Users\Ryan Summers\Documents\Repositories\Cpts_122_Game\Molinator_Class\\Debug\Molinator.exe
       BscMake:
         C:\Program Files (x86)\Microsoft Visual Studio 11.0\VC\bin\bscmake.exe /nologo /o"C:\Users\Ryan Summers\Documents\Repositories\Cpts_122_Game\Molinator_Class\\Debug\Molinator.bsc" /n Debug\Camera.sbr Debug\Character.sbr Debug\Game.sbr Debug\Object.sbr Debug\Windows_Main.sbr Debug\Vector_Resources.sbr
     1>Done Building Project "C:\Users\Ryan Summers\Documents\Repositories\Cpts_122_Game\Molinator_Class\Win32Project2\Win32Project2.vcxproj" (Build target(s)).

Build succeeded.

Time Elapsed 00:00:35.18
