Build started 11/29/2014 8:54:38 PM.
     1>Project "C:\Users\Ryan Summers\Documents\Repositories\Cpts_122_Game\Molinator_NoClass\Win32Project2\Win32Project2.vcxproj" on node 2 (Build target(s)).
     1>C:\Program Files (x86)\MSBuild\Microsoft.Cpp\v4.0\V110\Microsoft.CppBuild.targets(346,5): warning MSB8004: Output Directory does not end with a trailing slash.  This build instance will add the slash as it is required to allow proper evaluation of the Output Directory.
     1>ClCompile:
         C:\Program Files (x86)\Microsoft Visual Studio 11.0\VC\bin\CL.exe /c /ZI /nologo /W3 /WX- /sdl /Od /Oy- /D WIN32 /D _DEBUG /D _WINDOWS /D _UNICODE /D UNICODE /Gm /EHsc /RTC1 /MDd /GS /fp:precise /Zc:wchar_t /Zc:forScope /Fo"Debug\\" /Fd"Debug\vc110.pdb" /Gd /TP /analyze- /errorReport:prompt Player_Movement.cpp
         Player_Movement.cpp
     1>c:\users\ryan summers\documents\repositories\cpts_122_game\molinator_noclass\win32project2\player_movement.cpp(5): warning C4305: '+=' : truncation from 'double' to 'float'
     1>c:\users\ryan summers\documents\repositories\cpts_122_game\molinator_noclass\win32project2\player_movement.cpp(8): warning C4305: '+=' : truncation from 'double' to 'float'
     1>c:\users\ryan summers\documents\repositories\cpts_122_game\molinator_noclass\win32project2\player_movement.cpp(11): warning C4305: '-=' : truncation from 'double' to 'float'
     1>c:\users\ryan summers\documents\repositories\cpts_122_game\molinator_noclass\win32project2\player_movement.cpp(14): warning C4305: '-=' : truncation from 'double' to 'float'
     1>c:\users\ryan summers\documents\repositories\cpts_122_game\molinator_noclass\win32project2\player_movement.cpp(17): warning C4305: '+=' : truncation from 'double' to 'float'
     1>c:\users\ryan summers\documents\repositories\cpts_122_game\molinator_noclass\win32project2\player_movement.cpp(20): warning C4305: '-=' : truncation from 'double' to 'float'
       Link:
         C:\Program Files (x86)\Microsoft Visual Studio 11.0\VC\bin\link.exe /ERRORREPORT:PROMPT /OUT:"C:\Users\Ryan Summers\Documents\Repositories\Cpts_122_Game\Molinator_NoClass\\Debug\Molinator.exe" /INCREMENTAL /NOLOGO /LIBPATH:"C:\Program Files\Autodesk\FBX\FBX SDK\2015.1\lib\vs2012\x86\debug" /LIBPATH:"C:\Program Files (x86)\Microsoft DirectX SDK (June 2010)\Lib\x86" libfbxsdk.lib d3dx9d.lib kernel32.lib user32.lib gdi32.lib winspool.lib comdlg32.lib advapi32.lib shell32.lib ole32.lib oleaut32.lib uuid.lib odbc32.lib odbccp32.lib /MANIFEST /MANIFESTUAC:"level='asInvoker' uiAccess='false'" /manifest:embed /DEBUG /PDB:"C:\Users\Ryan Summers\Documents\Repositories\Cpts_122_Game\Molinator_NoClass\\Debug\Molinator.pdb" /SUBSYSTEM:WINDOWS /TLBID:1 /DYNAMICBASE /NXCOMPAT /IMPLIB:"C:\Users\Ryan Summers\Documents\Repositories\Cpts_122_Game\Molinator_NoClass\\Debug\Molinator.lib" /MACHINE:X86 Debug\Buffer_Update.obj
         Debug\Direct3D_Functionality.obj
         Debug\Draw_Functions.obj
         Debug\FBX_Extraction.obj
         Debug\Model_Initialization.obj
         Debug\Player_Movement.obj
         Debug\Windows_Main.obj
         Debug\Vector_Resources.obj
         Win32Project2.vcxproj -> C:\Users\Ryan Summers\Documents\Repositories\Cpts_122_Game\Molinator_NoClass\\Debug\Molinator.exe
     1>Done Building Project "C:\Users\Ryan Summers\Documents\Repositories\Cpts_122_Game\Molinator_NoClass\Win32Project2\Win32Project2.vcxproj" (Build target(s)).

Build succeeded.

Time Elapsed 00:00:06.19
